<?xml version="1.0" encoding="UTF-8"?>
<!-- Generated by org.testng.reporters.JUnitReportReporter -->
<testsuite hostname="yogesh" failures="0" tests="1" name="com.urbanLadder.utilties.XLUtilities" time="0.409" errors="0" timestamp="2021-09-27T09:20:41 IST" skipped="0">
  <testcase classname="com.urbanLadder.utilties.XLUtilities" name="path" time="0.409"/>
  <system-out/>
</testsuite> <!-- com.urbanLadder.utilties.XLUtilities -->
